# JRE version: Java(TM) SE Runtime Environment (8.0_161-b12) (build 1.8.0_161-b12)
# Java VM: Java HotSpot(TM) 64-Bit Server VM (25.161-b12 mixed mode linux-amd64 compressed oops)
Heap:
 PSYoungGen      total 351232K, used 220281K [0x00000000e7000000, 0x00000000ffe80000, 0x0000000100000000)
  eden space 297472K, 68% used [0x00000000e7000000,0x00000000f3806f30,0x00000000f9280000)
  from space 53760K, 28% used [0x00000000f9280000,0x00000000fa197530,0x00000000fc700000)
  to   space 54784K, 0% used [0x00000000fc900000,0x00000000fc900000,0x00000000ffe80000)
 ParOldGen       total 413184K, used 345462K [0x00000000b5000000, 0x00000000ce380000, 0x00000000e7000000)
  object space 413184K, 83% used [0x00000000b5000000,0x00000000ca15d860,0x00000000ce380000)
 Metaspace       used 171716K, capacity 187497K, committed 189568K, reserved 1214464K
  class space    used 19545K, capacity 23956K, committed 24704K, reserved 1048576K
GC Heap History (10 events):
Event: 24904.076 GC heap before
{Heap before GC invocations=179 (full 10):
 PSYoungGen      total 349696K, used 329478K [0x00000000e7000000, 0x00000000ffd00000, 0x0000000100000000)
  eden space 295936K, 100% used [0x00000000e7000000,0x00000000f9100000,0x00000000f9100000)
  from space 53760K, 62% used [0x00000000fc880000,0x00000000fe941ad0,0x00000000ffd00000)
  to   space 55296K, 0% used [0x00000000f9100000,0x00000000f9100000,0x00000000fc700000)
 ParOldGen       total 413184K, used 330435K [0x00000000b5000000, 0x00000000ce380000, 0x00000000e7000000)
  object space 413184K, 79% used [0x00000000b5000000,0x00000000c92b0d78,0x00000000ce380000)
 Metaspace       used 170405K, capacity 185909K, committed 188544K, reserved 1212416K
  class space    used 19426K, capacity 23752K, committed 24704K, reserved 1048576K
Event: 24904.096 GC heap after
Heap after GC invocations=179 (full 10):
 PSYoungGen      total 351232K, used 33927K [0x00000000e7000000, 0x00000000ffc80000, 0x0000000100000000)
  eden space 295936K, 0% used [0x00000000e7000000,0x00000000e7000000,0x00000000f9100000)
  from space 55296K, 61% used [0x00000000f9100000,0x00000000fb221d28,0x00000000fc700000)
  to   space 54272K, 0% used [0x00000000fc780000,0x00000000fc780000,0x00000000ffc80000)
 ParOldGen       total 413184K, used 330435K [0x00000000b5000000, 0x00000000ce380000, 0x00000000e7000000)
  object space 413184K, 79% used [0x00000000b5000000,0x00000000c92b0d78,0x00000000ce380000)
 Metaspace       used 170405K, capacity 185909K, committed 188544K, reserved 1212416K
  class space    used 19426K, capacity 23752K, committed 24704K, reserved 1048576K
}
Event: 30317.762 GC heap before
{Heap before GC invocations=180 (full 10):
 PSYoungGen      total 351232K, used 329863K [0x00000000e7000000, 0x00000000ffc80000, 0x0000000100000000)
  eden space 295936K, 100% used [0x00000000e7000000,0x00000000f9100000,0x00000000f9100000)
  from space 55296K, 61% used [0x00000000f9100000,0x00000000fb221d28,0x00000000fc700000)
  to   space 54272K, 0% used [0x00000000fc780000,0x00000000fc780000,0x00000000ffc80000)
 ParOldGen       total 413184K, used 330435K [0x00000000b5000000, 0x00000000ce380000, 0x00000000e7000000)
  object space 413184K, 79% used [0x00000000b5000000,0x00000000c92b0d78,0x00000000ce380000)
 Metaspace       used 170460K, capacity 185973K, committed 188544K, reserved 1212416K
  class space    used 19427K, capacity 23752K, committed 24704K, reserved 1048576K
Event: 30317.783 GC heap after
Heap after GC invocations=180 (full 10):
 PSYoungGen      total 351744K, used 37383K [0x00000000e7000000, 0x00000000ffc80000, 0x0000000100000000)
  eden space 297472K, 0% used [0x00000000e7000000,0x00000000e7000000,0x00000000f9280000)
  from space 54272K, 68% used [0x00000000fc780000,0x00000000fec01c80,0x00000000ffc80000)
  to   space 54272K, 0% used [0x00000000f9280000,0x00000000f9280000,0x00000000fc780000)
 ParOldGen       total 413184K, used 330435K [0x00000000b5000000, 0x00000000ce380000, 0x00000000e7000000)
  object space 413184K, 79% used [0x00000000b5000000,0x00000000c92b0d78,0x00000000ce380000)
 Metaspace       used 170460K, capacity 185973K, committed 188544K, reserved 1212416K
  class space    used 19427K, capacity 23752K, committed 24704K, reserved 1048576K
}
Event: 35318.329 GC heap before
{Heap before GC invocations=181 (full 10):
 PSYoungGen      total 351744K, used 334855K [0x00000000e7000000, 0x00000000ffc80000, 0x0000000100000000)
  eden space 297472K, 100% used [0x00000000e7000000,0x00000000f9280000,0x00000000f9280000)
  from space 54272K, 68% used [0x00000000fc780000,0x00000000fec01c80,0x00000000ffc80000)
  to   space 54272K, 0% used [0x00000000f9280000,0x00000000f9280000,0x00000000fc780000)
 ParOldGen       total 413184K, used 330435K [0x00000000b5000000, 0x00000000ce380000, 0x00000000e7000000)
  object space 413184K, 79% used [0x00000000b5000000,0x00000000c92b0d78,0x00000000ce380000)
 Metaspace       used 170490K, capacity 186005K, committed 188544K, reserved 1212416K
  class space    used 19428K, capacity 23784K, committed 24704K, reserved 1048576K
Event: 35318.347 GC heap after
Heap after GC invocations=181 (full 10):
 PSYoungGen      total 330240K, used 32445K [0x00000000e7000000, 0x00000000ffa80000, 0x0000000100000000)
  eden space 297472K, 0% used [0x00000000e7000000,0x00000000e7000000,0x00000000f9280000)
  from space 32768K, 99% used [0x00000000f9280000,0x00000000fb22f500,0x00000000fb280000)
  to   space 52736K, 0% used [0x00000000fc700000,0x00000000fc700000,0x00000000ffa80000)
 ParOldGen       total 413184K, used 330443K [0x00000000b5000000, 0x00000000ce380000, 0x00000000e7000000)
  object space 413184K, 79% used [0x00000000b5000000,0x00000000c92b2d78,0x00000000ce380000)
 Metaspace       used 170490K, capacity 186005K, committed 188544K, reserved 1212416K
  class space    used 19428K, capacity 23784K, committed 24704K, reserved 1048576K
}
Event: 35607.094 GC heap before
{Heap before GC invocations=182 (full 10):
 PSYoungGen      total 330240K, used 329917K [0x00000000e7000000, 0x00000000ffa80000, 0x0000000100000000)
  eden space 297472K, 100% used [0x00000000e7000000,0x00000000f9280000,0x00000000f9280000)
  from space 32768K, 99% used [0x00000000f9280000,0x00000000fb22f500,0x00000000fb280000)
  to   space 52736K, 0% used [0x00000000fc700000,0x00000000fc700000,0x00000000ffa80000)
 ParOldGen       total 413184K, used 330443K [0x00000000b5000000, 0x00000000ce380000, 0x00000000e7000000)
  object space 413184K, 79% used [0x00000000b5000000,0x00000000c92b2d78,0x00000000ce380000)
 Metaspace       used 170703K, capacity 186233K, committed 188800K, reserved 1214464K
  class space    used 19432K, capacity 23790K, committed 24704K, reserved 1048576K
Event: 35607.114 GC heap after
Heap after GC invocations=182 (full 10):
 PSYoungGen      total 350208K, used 40635K [0x00000000e7000000, 0x00000000ffc80000, 0x0000000100000000)
  eden space 297472K, 0% used [0x00000000e7000000,0x00000000e7000000,0x00000000f9280000)
  from space 52736K, 77% used [0x00000000fc700000,0x00000000feeaefb0,0x00000000ffa80000)
  to   space 53760K, 0% used [0x00000000f9280000,0x00000000f9280000,0x00000000fc700000)
 ParOldGen       total 413184K, used 330451K [0x00000000b5000000, 0x00000000ce380000, 0x00000000e7000000)
  object space 413184K, 79% used [0x00000000b5000000,0x00000000c92b4d78,0x00000000ce380000)
 Metaspace       used 170703K, capacity 186233K, committed 188800K, reserved 1214464K
  class space    used 19432K, capacity 23790K, committed 24704K, reserved 1048576K
}
Event: 36562.263 GC heap before
{Heap before GC invocations=183 (full 10):
 PSYoungGen      total 350208K, used 338107K [0x00000000e7000000, 0x00000000ffc80000, 0x0000000100000000)
  eden space 297472K, 100% used [0x00000000e7000000,0x00000000f9280000,0x00000000f9280000)
  from space 52736K, 77% used [0x00000000fc700000,0x00000000feeaefb0,0x00000000ffa80000)
  to   space 53760K, 0% used [0x00000000f9280000,0x00000000f9280000,0x00000000fc700000)
 ParOldGen       total 413184K, used 330451K [0x00000000b5000000, 0x00000000ce380000, 0x00000000e7000000)
  object space 413184K, 79% used [0x00000000b5000000,0x00000000c92b4d78,0x00000000ce380000)
 Metaspace       used 170999K, capacity 186443K, committed 189056K, reserved 1214464K
  class space    used 19456K, capacity 23831K, committed 24704K, reserved 1048576K
Event: 36562.287 GC heap after
Heap after GC invocations=183 (full 10):
 PSYoungGen      total 351232K, used 15453K [0x00000000e7000000, 0x00000000ffe80000, 0x0000000100000000)
  eden space 297472K, 0% used [0x00000000e7000000,0x00000000e7000000,0x00000000f9280000)
  from space 53760K, 28% used [0x00000000f9280000,0x00000000fa197530,0x00000000fc700000)
  to   space 54784K, 0% used [0x00000000fc900000,0x00000000fc900000,0x00000000ffe80000)
 ParOldGen       total 413184K, used 345462K [0x00000000b5000000, 0x00000000ce380000, 0x00000000e7000000)
  object space 413184K, 83% used [0x00000000b5000000,0x00000000ca15d860,0x00000000ce380000)
 Metaspace       used 170999K, capacity 186443K, committed 189056K, reserved 1214464K
  class space    used 19456K, capacity 23831K, committed 24704K, reserved 1048576K
}

