# JRE version: Java(TM) SE Runtime Environment (8.0_161-b12) (build 1.8.0_161-b12)
# Java VM: Java HotSpot(TM) 64-Bit Server VM (25.161-b12 mixed mode linux-amd64 compressed oops)
Heap:
 PSYoungGen      total 344064K, used 47594K [0x00000000e7000000, 0x0000000100000000, 0x0000000100000000)
  eden space 277504K, 2% used [0x00000000e7000000,0x00000000e76c2fb0,0x00000000f7f00000)
  from space 66560K, 61% used [0x00000000fbf00000,0x00000000fe6b7b30,0x0000000100000000)
  to   space 65536K, 0% used [0x00000000f7f00000,0x00000000f7f00000,0x00000000fbf00000)
 ParOldGen       total 408064K, used 361240K [0x00000000b5000000, 0x00000000cde80000, 0x00000000e7000000)
  object space 408064K, 88% used [0x00000000b5000000,0x00000000cb0c61e0,0x00000000cde80000)
 Metaspace       used 202126K, capacity 222016K, committed 222208K, reserved 1241088K
  class space    used 24055K, capacity 29580K, committed 29696K, reserved 1048576K
GC Heap History (10 events):
Event: 5540.084 GC heap before
{Heap before GC invocations=158 (full 16):
 PSYoungGen      total 314880K, used 314568K [0x00000000e7000000, 0x0000000100000000, 0x0000000100000000)
  eden space 272384K, 100% used [0x00000000e7000000,0x00000000f7a00000,0x00000000f7a00000)
  from space 42496K, 99% used [0x00000000f7a00000,0x00000000fa332190,0x00000000fa380000)
  to   space 69120K, 0% used [0x00000000fbc80000,0x00000000fbc80000,0x0000000100000000)
 ParOldGen       total 408064K, used 355307K [0x00000000b5000000, 0x00000000cde80000, 0x00000000e7000000)
  object space 408064K, 87% used [0x00000000b5000000,0x00000000caafac98,0x00000000cde80000)
 Metaspace       used 198177K, capacity 217514K, committed 218112K, reserved 1239040K
  class space    used 23557K, capacity 28968K, committed 29184K, reserved 1048576K
Event: 5540.113 GC heap after
Heap after GC invocations=158 (full 16):
 PSYoungGen      total 340480K, used 43241K [0x00000000e7000000, 0x0000000100000000, 0x0000000100000000)
  eden space 271360K, 0% used [0x00000000e7000000,0x00000000e7000000,0x00000000f7900000)
  from space 69120K, 62% used [0x00000000fbc80000,0x00000000fe6ba770,0x0000000100000000)
  to   space 69120K, 0% used [0x00000000f7900000,0x00000000f7900000,0x00000000fbc80000)
 ParOldGen       total 408064K, used 355315K [0x00000000b5000000, 0x00000000cde80000, 0x00000000e7000000)
  object space 408064K, 87% used [0x00000000b5000000,0x00000000caafcc98,0x00000000cde80000)
 Metaspace       used 198177K, capacity 217514K, committed 218112K, reserved 1239040K
  class space    used 23557K, capacity 28968K, committed 29184K, reserved 1048576K
}
Event: 5581.351 GC heap before
{Heap before GC invocations=159 (full 16):
 PSYoungGen      total 340480K, used 314601K [0x00000000e7000000, 0x0000000100000000, 0x0000000100000000)
  eden space 271360K, 100% used [0x00000000e7000000,0x00000000f7900000,0x00000000f7900000)
  from space 69120K, 62% used [0x00000000fbc80000,0x00000000fe6ba770,0x0000000100000000)
  to   space 69120K, 0% used [0x00000000f7900000,0x00000000f7900000,0x00000000fbc80000)
 ParOldGen       total 408064K, used 355315K [0x00000000b5000000, 0x00000000cde80000, 0x00000000e7000000)
  object space 408064K, 87% used [0x00000000b5000000,0x00000000caafcc98,0x00000000cde80000)
 Metaspace       used 198848K, capacity 218358K, committed 218752K, reserved 1239040K
  class space    used 23623K, capacity 29077K, committed 29312K, reserved 1048576K
Event: 5581.426 GC heap after
Heap after GC invocations=159 (full 16):
 PSYoungGen      total 298496K, used 26739K [0x00000000e7000000, 0x00000000ffc00000, 0x0000000100000000)
  eden space 271360K, 0% used [0x00000000e7000000,0x00000000e7000000,0x00000000f7900000)
  from space 27136K, 98% used [0x00000000f7900000,0x00000000f931ccb8,0x00000000f9380000)
  to   space 67072K, 0% used [0x00000000fba80000,0x00000000fba80000,0x00000000ffc00000)
 ParOldGen       total 408064K, used 356750K [0x00000000b5000000, 0x00000000cde80000, 0x00000000e7000000)
  object space 408064K, 87% used [0x00000000b5000000,0x00000000cac638b8,0x00000000cde80000)
 Metaspace       used 198848K, capacity 218358K, committed 218752K, reserved 1239040K
  class space    used 23623K, capacity 29077K, committed 29312K, reserved 1048576K
}
Event: 5584.422 GC heap before
{Heap before GC invocations=160 (full 16):
 PSYoungGen      total 298496K, used 298099K [0x00000000e7000000, 0x00000000ffc00000, 0x0000000100000000)
  eden space 271360K, 100% used [0x00000000e7000000,0x00000000f7900000,0x00000000f7900000)
  from space 27136K, 98% used [0x00000000f7900000,0x00000000f931ccb8,0x00000000f9380000)
  to   space 67072K, 0% used [0x00000000fba80000,0x00000000fba80000,0x00000000ffc00000)
 ParOldGen       total 408064K, used 356750K [0x00000000b5000000, 0x00000000cde80000, 0x00000000e7000000)
  object space 408064K, 87% used [0x00000000b5000000,0x00000000cac638b8,0x00000000cde80000)
 Metaspace       used 200306K, capacity 219860K, committed 220160K, reserved 1241088K
  class space    used 23819K, capacity 29302K, committed 29440K, reserved 1048576K
Event: 5584.466 GC heap after
Heap after GC invocations=160 (full 16):
 PSYoungGen      total 341504K, used 29255K [0x00000000e7000000, 0x00000000fff80000, 0x0000000100000000)
  eden space 274432K, 0% used [0x00000000e7000000,0x00000000e7000000,0x00000000f7c00000)
  from space 67072K, 43% used [0x00000000fba80000,0x00000000fd711f08,0x00000000ffc00000)
  to   space 64000K, 0% used [0x00000000f7c00000,0x00000000f7c00000,0x00000000fba80000)
 ParOldGen       total 408064K, used 358771K [0x00000000b5000000, 0x00000000cde80000, 0x00000000e7000000)
  object space 408064K, 87% used [0x00000000b5000000,0x00000000cae5cc10,0x00000000cde80000)
 Metaspace       used 200306K, capacity 219860K, committed 220160K, reserved 1241088K
  class space    used 23819K, capacity 29302K, committed 29440K, reserved 1048576K
}
Event: 5615.763 GC heap before
{Heap before GC invocations=161 (full 16):
 PSYoungGen      total 341504K, used 303687K [0x00000000e7000000, 0x00000000fff80000, 0x0000000100000000)
  eden space 274432K, 100% used [0x00000000e7000000,0x00000000f7c00000,0x00000000f7c00000)
  from space 67072K, 43% used [0x00000000fba80000,0x00000000fd711f08,0x00000000ffc00000)
  to   space 64000K, 0% used [0x00000000f7c00000,0x00000000f7c00000,0x00000000fba80000)
 ParOldGen       total 408064K, used 358771K [0x00000000b5000000, 0x00000000cde80000, 0x00000000e7000000)
  object space 408064K, 87% used [0x00000000b5000000,0x00000000cae5cc10,0x00000000cde80000)
 Metaspace       used 200699K, capacity 220366K, committed 220800K, reserved 1241088K
  class space    used 23845K, capacity 29353K, committed 29568K, reserved 1048576K
Event: 5615.805 GC heap after
Heap after GC invocations=161 (full 16):
 PSYoungGen      total 338432K, used 47025K [0x00000000e7000000, 0x0000000100000000, 0x0000000100000000)
  eden space 274432K, 0% used [0x00000000e7000000,0x00000000e7000000,0x00000000f7c00000)
  from space 64000K, 73% used [0x00000000f7c00000,0x00000000fa9ec620,0x00000000fba80000)
  to   space 66560K, 0% used [0x00000000fbf00000,0x00000000fbf00000,0x0000000100000000)
 ParOldGen       total 408064K, used 359384K [0x00000000b5000000, 0x00000000cde80000, 0x00000000e7000000)
  object space 408064K, 88% used [0x00000000b5000000,0x00000000caef61e0,0x00000000cde80000)
 Metaspace       used 200699K, capacity 220366K, committed 220800K, reserved 1241088K
  class space    used 23845K, capacity 29353K, committed 29568K, reserved 1048576K
}
Event: 5619.390 GC heap before
{Heap before GC invocations=162 (full 16):
 PSYoungGen      total 338432K, used 321457K [0x00000000e7000000, 0x0000000100000000, 0x0000000100000000)
  eden space 274432K, 100% used [0x00000000e7000000,0x00000000f7c00000,0x00000000f7c00000)
  from space 64000K, 73% used [0x00000000f7c00000,0x00000000fa9ec620,0x00000000fba80000)
  to   space 66560K, 0% used [0x00000000fbf00000,0x00000000fbf00000,0x0000000100000000)
 ParOldGen       total 408064K, used 359384K [0x00000000b5000000, 0x00000000cde80000, 0x00000000e7000000)
  object space 408064K, 88% used [0x00000000b5000000,0x00000000caef61e0,0x00000000cde80000)
 Metaspace       used 202116K, capacity 221952K, committed 222208K, reserved 1241088K
  class space    used 24054K, capacity 29580K, committed 29696K, reserved 1048576K
Event: 5619.425 GC heap after
Heap after GC invocations=162 (full 16):
 PSYoungGen      total 344064K, used 40670K [0x00000000e7000000, 0x0000000100000000, 0x0000000100000000)
  eden space 277504K, 0% used [0x00000000e7000000,0x00000000e7000000,0x00000000f7f00000)
  from space 66560K, 61% used [0x00000000fbf00000,0x00000000fe6b7b30,0x0000000100000000)
  to   space 65536K, 0% used [0x00000000f7f00000,0x00000000f7f00000,0x00000000fbf00000)
 ParOldGen       total 408064K, used 361240K [0x00000000b5000000, 0x00000000cde80000, 0x00000000e7000000)
  object space 408064K, 88% used [0x00000000b5000000,0x00000000cb0c61e0,0x00000000cde80000)
 Metaspace       used 202116K, capacity 221952K, committed 222208K, reserved 1241088K
  class space    used 24054K, capacity 29580K, committed 29696K, reserved 1048576K
}

